<?xml version="1.0" encoding="UTF-8"?>
<testng-results skipped="0" failed="0" ignored="0" total="2" passed="2">
  <reporter-output>
  </reporter-output>
  <suite name="Default suite" duration-ms="17508" started-at="2020-01-10T11:06:16Z" finished-at="2020-01-10T11:06:34Z">
    <groups>
    </groups>
    <test name="Default test" duration-ms="17508" started-at="2020-01-10T11:06:16Z" finished-at="2020-01-10T11:06:34Z">
      <class name="googleTest.Verifygooglepage">
        <test-method status="PASS" signature="startapp()[pri:0, instance:googleTest.Verifygooglepage@28d25987]" name="startapp" is-config="true" duration-ms="8665" started-at="2020-01-10T11:06:17Z" finished-at="2020-01-10T11:06:25Z">
          <reporter-output>
          </reporter-output>
        </test-method> <!-- startapp -->
        <test-method status="PASS" signature="checktitle()[pri:0, instance:googleTest.Verifygooglepage@28d25987]" name="checktitle" duration-ms="18" started-at="2020-01-10T11:06:25Z" finished-at="2020-01-10T11:06:25Z">
          <reporter-output>
          </reporter-output>
        </test-method> <!-- checktitle -->
        <test-method status="PASS" signature="closebrowser()[pri:0, instance:googleTest.Verifygooglepage@28d25987]" name="closebrowser" is-config="true" duration-ms="778" started-at="2020-01-10T11:06:25Z" finished-at="2020-01-10T11:06:26Z">
          <reporter-output>
          </reporter-output>
        </test-method> <!-- closebrowser -->
        <test-method status="PASS" signature="startapp()[pri:0, instance:googleTest.Verifygooglepage@28d25987]" name="startapp" is-config="true" duration-ms="7049" started-at="2020-01-10T11:06:26Z" finished-at="2020-01-10T11:06:33Z">
          <reporter-output>
          </reporter-output>
        </test-method> <!-- startapp -->
        <test-method status="PASS" signature="checklogo()[pri:1, instance:googleTest.Verifygooglepage@28d25987]" name="checklogo" duration-ms="159" started-at="2020-01-10T11:06:33Z" finished-at="2020-01-10T11:06:33Z">
          <reporter-output>
          </reporter-output>
        </test-method> <!-- checklogo -->
        <test-method status="PASS" signature="closebrowser()[pri:0, instance:googleTest.Verifygooglepage@28d25987]" name="closebrowser" is-config="true" duration-ms="806" started-at="2020-01-10T11:06:33Z" finished-at="2020-01-10T11:06:34Z">
          <reporter-output>
          </reporter-output>
        </test-method> <!-- closebrowser -->
      </class> <!-- googleTest.Verifygooglepage -->
    </test> <!-- Default test -->
  </suite> <!-- Default suite -->
</testng-results>
